2018-10-29 19:32:48,220:INFO::[*] Make directories : logs/ptb_2018-10-29_19-32-48
2018-10-29 19:32:54,115:INFO::regularizing:
2018-10-29 19:32:59,607:INFO::# of parameters: 146,014,000
2018-10-29 19:32:59,824:INFO::[*] MODEL dir: logs/ptb_2018-10-29_19-32-48
2018-10-29 19:32:59,824:INFO::[*] PARAM path: logs/ptb_2018-10-29_19-32-48/params.json
/h/alexadam/anaconda3/envs/dl/lib/python3.6/site-packages/torch/nn/functional.py:995: UserWarning: nn.functional.tanh is deprecated. Use torch.tanh instead.
  warnings.warn("nn.functional.tanh is deprecated. Use torch.tanh instead.")
/h/alexadam/anaconda3/envs/dl/lib/python3.6/site-packages/torch/nn/functional.py:1006: UserWarning: nn.functional.sigmoid is deprecated. Use torch.sigmoid instead.
  warnings.warn("nn.functional.sigmoid is deprecated. Use torch.sigmoid instead.")
2018-10-29 19:39:05,471:INFO::max hidden 5.364531517028809
2018-10-29 19:39:05,479:INFO::abs max grad 0
/h/alexadam/Documents/research/menas/src/enas_pytorch/trainer.py:321: UserWarning: torch.nn.utils.clip_grad_norm is now deprecated in favor of torch.nn.utils.clip_grad_norm_.
  self.args.shared_grad_clip)
2018-10-29 19:39:05,697:INFO::max hidden 10.316715240478516
2018-10-29 19:39:05,709:INFO::abs max grad 0.05213228240609169
2018-10-29 19:39:06,182:INFO::abs max grad 0.055375151336193085
2018-10-29 19:39:08,650:INFO::max hidden 12.7777681350708
2018-10-29 19:39:08,676:INFO::abs max grad 0.4294699430465698
2018-10-29 19:39:09,453:INFO::abs max grad 0.5922041535377502
2018-10-29 19:39:12,548:INFO::max hidden 16.076051712036133
2018-10-29 19:39:16,173:INFO::max hidden 16.284231185913086
2018-10-29 19:39:18,300:INFO::| epoch   0 | lr 20.00 | raw loss 8.31 | loss 8.31 | ppl  4047.24
2018-10-29 19:39:31,332:INFO::| epoch   0 | lr 20.00 | raw loss 7.34 | loss 7.34 | ppl  1545.54
2018-10-29 19:39:44,365:INFO::| epoch   0 | lr 20.00 | raw loss 7.03 | loss 7.03 | ppl  1132.55
2018-10-29 19:39:44,842:INFO::max hidden 19.49959945678711
2018-10-29 19:39:49,715:INFO::clipped 11 hidden states in one forward pass. max clipped hidden state norm: 25.868637084960938
2018-10-29 19:39:49,839:INFO::max hidden 25.000003814697266
2018-10-29 19:39:55,475:INFO::clipped 35 hidden states in one forward pass. max clipped hidden state norm: 30.509750366210938
2018-10-29 19:39:57,486:INFO::| epoch   0 | lr 20.00 | raw loss 6.76 | loss 6.76 | ppl   866.89
2018-10-29 19:40:06,529:INFO::clipped 19 hidden states in one forward pass. max clipped hidden state norm: 28.552494049072266
2018-10-29 19:40:10,629:INFO::| epoch   0 | lr 20.00 | raw loss 6.71 | loss 6.71 | ppl   824.51
2018-10-29 19:40:16,753:INFO::clipped 34 hidden states in one forward pass. max clipped hidden state norm: 27.361427307128906
2018-10-29 19:40:16,882:INFO::max hidden 25.0000057220459
2018-10-29 19:40:23,719:INFO::| epoch   0 | lr 20.00 | raw loss 6.60 | loss 6.60 | ppl   737.92
2018-10-29 19:40:26,962:INFO::clipped 30 hidden states in one forward pass. max clipped hidden state norm: 26.113744735717773
2018-10-29 19:40:30,656:INFO::clipped 29 hidden states in one forward pass. max clipped hidden state norm: 29.33875846862793
2018-10-29 19:40:33,274:INFO::clipped 7 hidden states in one forward pass. max clipped hidden state norm: 25.82616424560547
2018-10-29 19:40:36,854:INFO::| epoch   0 | lr 20.00 | raw loss 6.51 | loss 6.51 | ppl   669.83
2018-10-29 19:40:47,935:INFO::clipped 35 hidden states in one forward pass. max clipped hidden state norm: 30.60429573059082
2018-10-29 19:40:48,730:INFO::clipped 21 hidden states in one forward pass. max clipped hidden state norm: 30.4150447845459
2018-10-29 19:40:49,956:INFO::| epoch   0 | lr 20.00 | raw loss 6.42 | loss 6.42 | ppl   614.74
/h/alexadam/Documents/research/menas/src/enas_pytorch/trainer.py:543: UserWarning: volatile was removed and now has no effect. Use `with torch.no_grad():` instead.
  data = Variable(source[idx:idx + length], volatile=volatile)
/h/alexadam/Documents/research/menas/src/enas_pytorch/trainer.py:545: UserWarning: volatile was removed and now has no effect. Use `with torch.no_grad():` instead.
  volatile=volatile)
2018-10-29 19:40:55,326:INFO::| epoch   0 | lr 0.00035 | R 0.11392 | entropy 1.4842 | loss 0.14494
2018-10-29 19:40:55,327:INFO::[*] Make directories : logs/ptb_2018-10-29_19-32-48/networks
2018-10-29 19:48:24,714:INFO::clipped 6 hidden states in one forward pass. max clipped hidden state norm: 25.29006004333496
2018-10-29 19:48:25,476:INFO::| epoch   0 | lr 0.00035 | R 0.11670 | entropy 1.4841 | loss 0.04880
2018-10-29 19:48:30,083:INFO::clipped 26 hidden states in one forward pass. max clipped hidden state norm: 26.766843795776367
2018-10-29 19:48:30,192:INFO::clipped 1 hidden states in one forward pass. max clipped hidden state norm: 30.482261657714844
2018-10-29 19:48:31,170:INFO::| epoch   0 | lr 0.00035 | R 0.11476 | entropy 1.4841 | loss -0.02445
2018-10-29 19:48:31,749:INFO::clipped 26 hidden states in one forward pass. max clipped hidden state norm: 30.731159210205078
2018-10-29 19:48:36,799:INFO::| epoch   0 | lr 0.00035 | R 0.11596 | entropy 1.4840 | loss 0.02460
2018-10-29 19:48:42,449:INFO::| epoch   0 | lr 0.00035 | R 0.11497 | entropy 1.4839 | loss -0.02131
2018-10-29 19:48:48,114:INFO::| epoch   0 | lr 0.00035 | R 0.11832 | entropy 1.4839 | loss 0.03456
2018-10-29 19:48:50,282:INFO::clipped 33 hidden states in one forward pass. max clipped hidden state norm: 31.733125686645508
2018-10-29 19:48:52,539:INFO::clipped 23 hidden states in one forward pass. max clipped hidden state norm: 26.17473602294922
2018-10-29 19:48:53,832:INFO::| epoch   0 | lr 0.00035 | R 0.11484 | entropy 1.4838 | loss -0.02640
2018-10-29 19:48:54,406:INFO::clipped 32 hidden states in one forward pass. max clipped hidden state norm: 30.007965087890625
2018-10-29 19:48:54,522:INFO::clipped 35 hidden states in one forward pass. max clipped hidden state norm: 27.06406021118164
2018-10-29 19:48:54,626:INFO::clipped 1 hidden states in one forward pass. max clipped hidden state norm: 28.544198989868164
2018-10-29 19:48:56,189:INFO::clipped 28 hidden states in one forward pass. max clipped hidden state norm: 26.772727966308594
2018-10-29 19:48:56,955:INFO::clipped 1 hidden states in one forward pass. max clipped hidden state norm: 28.787546157836914
2018-10-29 19:48:59,397:INFO::clipped 25 hidden states in one forward pass. max clipped hidden state norm: 26.64510154724121
2018-10-29 19:48:59,523:INFO::| epoch   0 | lr 0.00035 | R 0.11746 | entropy 1.4835 | loss 0.01687
2018-10-29 19:49:00,404:INFO::clipped 26 hidden states in one forward pass. max clipped hidden state norm: 25.95918846130371
2018-10-29 19:49:04,009:INFO::clipped 22 hidden states in one forward pass. max clipped hidden state norm: 29.88418960571289
2018-10-29 19:49:05,191:INFO::| epoch   0 | lr 0.00035 | R 0.11535 | entropy 1.4828 | loss -0.01632
2018-10-29 19:49:05,979:INFO::clipped 20 hidden states in one forward pass. max clipped hidden state norm: 29.628597259521484
2018-10-29 19:49:07,418:INFO::clipped 18 hidden states in one forward pass. max clipped hidden state norm: 25.906587600708008
2018-10-29 19:49:07,524:INFO::clipped 1 hidden states in one forward pass. max clipped hidden state norm: 27.214303970336914
2018-10-29 19:49:10,834:INFO::| epoch   0 | lr 0.00035 | R 0.11716 | entropy 1.4768 | loss 0.01301
2018-10-29 19:49:16,570:INFO::| epoch   0 | lr 0.00035 | R 0.11662 | entropy 1.4456 | loss 0.01510
2018-10-29 19:49:22,337:INFO::| epoch   0 | lr 0.00035 | R 0.11606 | entropy 1.4391 | loss -0.01429
2018-10-29 19:49:26,907:INFO::clipped 35 hidden states in one forward pass. max clipped hidden state norm: 30.558305740356445
2018-10-29 19:49:28,086:INFO::| epoch   0 | lr 0.00035 | R 0.11650 | entropy 1.4566 | loss 0.01654
2018-10-29 19:49:33,803:INFO::| epoch   0 | lr 0.00035 | R 0.11729 | entropy 1.4552 | loss -0.01190
2018-10-29 19:49:36,346:INFO::clipped 29 hidden states in one forward pass. max clipped hidden state norm: 27.851152420043945
2018-10-29 19:49:39,219:INFO::clipped 12 hidden states in one forward pass. max clipped hidden state norm: 27.26618194580078
2018-10-29 19:49:39,562:INFO::| epoch   0 | lr 0.00035 | R 0.11716 | entropy 1.4423 | loss 0.01615
2018-10-29 19:49:44,822:INFO::clipped 22 hidden states in one forward pass. max clipped hidden state norm: 28.097103118896484
2018-10-29 19:49:45,155:INFO::| epoch   0 | lr 0.00035 | R 0.11590 | entropy 1.4208 | loss -0.03903
2018-10-29 19:49:50,791:INFO::| epoch   0 | lr 0.00035 | R 0.11871 | entropy 1.4020 | loss 0.04446
2018-10-29 19:49:51,540:INFO::clipped 19 hidden states in one forward pass. max clipped hidden state norm: 29.582006454467773
2018-10-29 19:49:53,386:INFO::clipped 11 hidden states in one forward pass. max clipped hidden state norm: 27.025375366210938
2018-10-29 19:49:54,031:INFO::clipped 1 hidden states in one forward pass. max clipped hidden state norm: 30.949920654296875
2018-10-29 19:49:56,380:INFO::| epoch   0 | lr 0.00035 | R 0.11505 | entropy 1.3783 | loss -0.03630
2018-10-29 19:50:00,463:INFO::clipped 1 hidden states in one forward pass. max clipped hidden state norm: 29.05295753479004
2018-10-29 19:50:02,075:INFO::| epoch   0 | lr 0.00035 | R 0.11838 | entropy 1.3726 | loss 0.03448
2018-10-29 19:50:03,336:INFO::clipped 28 hidden states in one forward pass. max clipped hidden state norm: 27.84435272216797
2018-10-29 19:50:03,659:INFO::clipped 26 hidden states in one forward pass. max clipped hidden state norm: 26.10479736328125
2018-10-29 19:50:08,193:INFO::| epoch   0 | lr 0.00035 | R 0.11679 | entropy 1.3689 | loss -0.02530
2018-10-29 19:50:12,707:INFO::clipped 22 hidden states in one forward pass. max clipped hidden state norm: 30.65459442138672
2018-10-29 19:50:13,562:INFO::clipped 21 hidden states in one forward pass. max clipped hidden state norm: 30.809450149536133
2018-10-29 19:50:14,239:INFO::| epoch   0 | lr 0.00035 | R 0.11788 | entropy 1.3469 | loss 0.00960
2018-10-29 19:50:19,936:INFO::| epoch   0 | lr 0.00035 | R 0.11734 | entropy 1.3300 | loss -0.01041
2018-10-29 19:50:21,059:INFO::clipped 13 hidden states in one forward pass. max clipped hidden state norm: 27.076568603515625
2018-10-29 19:50:25,650:INFO::| epoch   0 | lr 0.00035 | R 0.11923 | entropy 1.3124 | loss 0.03127
2018-10-29 19:50:26,571:INFO::clipped 25 hidden states in one forward pass. max clipped hidden state norm: 30.175039291381836
2018-10-29 19:50:27,544:INFO::clipped 27 hidden states in one forward pass. max clipped hidden state norm: 26.407564163208008
2018-10-29 19:50:31,382:INFO::| epoch   0 | lr 0.00035 | R 0.11550 | entropy 1.3060 | loss -0.05305
2018-10-29 19:50:32,472:INFO::clipped 20 hidden states in one forward pass. max clipped hidden state norm: 25.683645248413086
2018-10-29 19:50:34,066:INFO::clipped 13 hidden states in one forward pass. max clipped hidden state norm: 28.75963020324707
2018-10-29 19:50:34,726:INFO::clipped 25 hidden states in one forward pass. max clipped hidden state norm: 28.492395401000977
2018-10-29 19:50:36,026:INFO::clipped 17 hidden states in one forward pass. max clipped hidden state norm: 28.392208099365234
2018-10-29 19:50:37,191:INFO::| epoch   0 | lr 0.00035 | R 0.11944 | entropy 1.2828 | loss 0.03043
2018-10-29 19:50:42,981:INFO::| epoch   0 | lr 0.00035 | R 0.11726 | entropy 1.2749 | loss -0.03017
2018-10-29 19:50:44,527:INFO::clipped 32 hidden states in one forward pass. max clipped hidden state norm: 32.618560791015625
2018-10-29 19:50:45,244:INFO::clipped 1 hidden states in one forward pass. max clipped hidden state norm: 29.0217227935791
2018-10-29 19:50:48,657:INFO::| epoch   0 | lr 0.00035 | R 0.12041 | entropy 1.2826 | loss 0.02774
2018-10-29 19:50:52,886:INFO::clipped 30 hidden states in one forward pass. max clipped hidden state norm: 27.257152557373047
2018-10-29 19:50:53,008:INFO::clipped 35 hidden states in one forward pass. max clipped hidden state norm: 29.00297737121582
2018-10-29 19:50:54,434:INFO::| epoch   0 | lr 0.00035 | R 0.11730 | entropy 1.2697 | loss -0.03039
2018-10-29 19:50:56,268:INFO::clipped 1 hidden states in one forward pass. max clipped hidden state norm: 39.01914978027344
2018-10-29 19:51:00,186:INFO::| epoch   0 | lr 0.00035 | R 0.12053 | entropy 1.2555 | loss 0.01830
2018-10-29 19:51:02,817:INFO::clipped 30 hidden states in one forward pass. max clipped hidden state norm: 26.59627342224121
2018-10-29 19:51:05,385:INFO::clipped 32 hidden states in one forward pass. max clipped hidden state norm: 29.728031158447266
2018-10-29 19:51:05,955:INFO::| epoch   0 | lr 0.00035 | R 0.11803 | entropy 1.2353 | loss -0.02563
2018-10-29 19:51:11,738:INFO::| epoch   0 | lr 0.00035 | R 0.11920 | entropy 1.2347 | loss 0.01404
2018-10-29 19:51:15,284:INFO::clipped 24 hidden states in one forward pass. max clipped hidden state norm: 31.953882217407227
2018-10-29 19:51:17,608:INFO::| epoch   0 | lr 0.00035 | R 0.11892 | entropy 1.2258 | loss -0.00741
2018-10-29 19:51:21,202:INFO::clipped 29 hidden states in one forward pass. max clipped hidden state norm: 30.22855567932129
2018-10-29 19:51:23,057:INFO::clipped 32 hidden states in one forward pass. max clipped hidden state norm: 28.96729278564453
2018-10-29 19:51:23,400:INFO::| epoch   0 | lr 0.00035 | R 0.11948 | entropy 1.2038 | loss -0.01563
2018-10-29 19:51:29,207:INFO::| epoch   0 | lr 0.00035 | R 0.11996 | entropy 1.1936 | loss 0.01566
2018-10-29 19:51:30,488:INFO::clipped 23 hidden states in one forward pass. max clipped hidden state norm: 25.760944366455078
2018-10-29 19:51:30,601:INFO::clipped 1 hidden states in one forward pass. max clipped hidden state norm: 27.609556198120117
2018-10-29 19:51:34,709:INFO::clipped 10 hidden states in one forward pass. max clipped hidden state norm: 26.629899978637695
2018-10-29 19:51:35,062:INFO::| epoch   0 | lr 0.00035 | R 0.12027 | entropy 1.1921 | loss 0.00510
2018-10-29 19:51:36,597:INFO::clipped 27 hidden states in one forward pass. max clipped hidden state norm: 25.907390594482422
2018-10-29 19:51:36,928:INFO::clipped 7 hidden states in one forward pass. max clipped hidden state norm: 27.007110595703125
2018-10-29 19:51:41,027:INFO::| epoch   0 | lr 0.00035 | R 0.11960 | entropy 1.1993 | loss 0.00568
2018-10-29 19:51:41,963:INFO::clipped 29 hidden states in one forward pass. max clipped hidden state norm: 27.929855346679688
2018-10-29 19:51:46,986:INFO::| epoch   0 | lr 0.00035 | R 0.11947 | entropy 1.1856 | loss -0.01192
2018-10-29 19:51:50,819:INFO::clipped 27 hidden states in one forward pass. max clipped hidden state norm: 27.390493392944336
2018-10-29 19:51:50,923:INFO::clipped 1 hidden states in one forward pass. max clipped hidden state norm: 33.66593551635742
2018-10-29 19:51:52,926:INFO::| epoch   0 | lr 0.00035 | R 0.12061 | entropy 1.1683 | loss 0.00366
2018-10-29 19:51:58,798:INFO::| epoch   0 | lr 0.00035 | R 0.12000 | entropy 1.1613 | loss -0.02119
2018-10-29 19:52:04,236:INFO::clipped 33 hidden states in one forward pass. max clipped hidden state norm: 30.107736587524414
2018-10-29 19:52:07,432:INFO::clipped 17 hidden states in one forward pass. max clipped hidden state norm: 27.475881576538086
2018-10-29 19:52:07,836:INFO::clipped 32 hidden states in one forward pass. max clipped hidden state norm: 30.386220932006836
2018-10-29 19:52:12,629:INFO::derive | max_R: 0.109911
2018-10-29 19:54:39,478:INFO::eval | loss:     9.31 | ppl: 11004.72
2018-10-29 19:54:40,640:INFO::[*] SAVED: logs/ptb_2018-10-29_19-32-48/shared_epoch0_step401.pth
2018-10-29 19:54:40,654:INFO::[*] SAVED: logs/ptb_2018-10-29_19-32-48/controller_epoch0_step2000.pth
2018-10-29 19:54:40,945:INFO::max hidden 3.5747170448303223
2018-10-29 19:54:40,989:INFO::abs max grad 0
2018-10-29 19:54:41,281:INFO::max hidden 12.825592994689941
2018-10-29 19:54:41,312:INFO::abs max grad 0.04531287029385567
2018-10-29 19:54:41,540:INFO::max hidden 15.725664138793945
2018-10-29 19:54:41,830:INFO::abs max grad 0.07236957550048828
2018-10-29 19:54:42,058:INFO::max hidden 16.24553680419922
2018-10-29 19:54:42,873:INFO::abs max grad 0.12900134921073914
2018-10-29 19:54:43,883:INFO::max hidden 21.118938446044922
2018-10-29 19:54:44,023:INFO::clipped 1 hidden states in one forward pass. max clipped hidden state norm: 25.22808074951172
2018-10-29 19:54:44,146:INFO::max hidden 25.000001907348633
2018-10-29 19:54:44,438:INFO::abs max grad 0.13371288776397705
2018-10-29 19:54:49,017:INFO::clipped 22 hidden states in one forward pass. max clipped hidden state norm: 26.220186233520508
2018-10-29 19:54:49,141:INFO::max hidden 25.000003814697266
2018-10-29 19:54:49,171:INFO::abs max grad 0.1695924550294876
2018-10-29 19:54:54,219:INFO::| epoch   1 | lr 20.00 | raw loss 6.50 | loss 6.50 | ppl   668.29
2018-10-29 19:55:05,734:INFO::abs max grad 0.23232166469097137
2018-10-29 19:55:07,326:INFO::| epoch   1 | lr 20.00 | raw loss 6.38 | loss 6.38 | ppl   587.14
2018-10-29 19:55:14,731:INFO::clipped 1 hidden states in one forward pass. max clipped hidden state norm: 28.654003143310547
2018-10-29 19:55:20,399:INFO::| epoch   1 | lr 20.00 | raw loss 6.25 | loss 6.25 | ppl   517.22
2018-10-29 19:55:26,238:INFO::clipped 22 hidden states in one forward pass. max clipped hidden state norm: 28.801549911499023
2018-10-29 19:55:26,393:INFO::abs max grad 0.25415077805519104
2018-10-29 19:55:33,071:INFO::clipped 23 hidden states in one forward pass. max clipped hidden state norm: 29.202857971191406
2018-10-29 19:55:33,509:INFO::| epoch   1 | lr 20.00 | raw loss 6.25 | loss 6.25 | ppl   517.60
2018-10-29 19:55:46,589:INFO::| epoch   1 | lr 20.00 | raw loss 6.28 | loss 6.28 | ppl   535.69
2018-10-29 19:55:51,032:INFO::clipped 22 hidden states in one forward pass. max clipped hidden state norm: 28.178260803222656
2018-10-29 19:56:00,384:INFO::| epoch   1 | lr 20.00 | raw loss 6.21 | loss 6.21 | ppl   499.43
2018-10-29 19:56:05,978:INFO::clipped 33 hidden states in one forward pass. max clipped hidden state norm: 40.13311767578125
2018-10-29 19:56:06,101:INFO::max hidden 25.00000762939453
2018-10-29 19:56:13,526:INFO::| epoch   1 | lr 20.00 | raw loss 6.16 | loss 6.16 | ppl   471.90
2018-10-29 19:56:18,338:INFO::clipped 30 hidden states in one forward pass. max clipped hidden state norm: 34.9877815246582
2018-10-29 19:56:18,491:INFO::abs max grad 2.420158624649048
2018-10-29 19:56:20,700:INFO::clipped 14 hidden states in one forward pass. max clipped hidden state norm: 26.12041664123535
2018-10-29 19:56:24,110:INFO::clipped 18 hidden states in one forward pass. max clipped hidden state norm: 28.333492279052734
2018-10-29 19:56:24,894:INFO::clipped 12 hidden states in one forward pass. max clipped hidden state norm: 27.673112869262695
2018-10-29 19:56:26,632:INFO::| epoch   1 | lr 20.00 | raw loss 6.16 | loss 6.16 | ppl   471.55
2018-10-29 19:56:32,094:INFO::| epoch   1 | lr 0.00035 | R 0.18610 | entropy 1.1597 | loss 0.24528
2018-10-29 19:56:35,127:INFO::clipped 12 hidden states in one forward pass. max clipped hidden state norm: 28.30103302001953
2018-10-29 19:56:36,529:INFO::clipped 1 hidden states in one forward pass. max clipped hidden state norm: 32.632869720458984
2018-10-29 19:56:36,753:INFO::clipped 21 hidden states in one forward pass. max clipped hidden state norm: 30.858762741088867
2018-10-29 19:56:37,818:INFO::| epoch   1 | lr 0.00035 | R 0.18929 | entropy 1.1573 | loss 0.03174
2018-10-29 19:56:43,492:INFO::| epoch   1 | lr 0.00035 | R 0.18802 | entropy 1.1455 | loss -0.01931
2018-10-29 19:56:44,505:INFO::clipped 28 hidden states in one forward pass. max clipped hidden state norm: 27.227880477905273
2018-10-29 19:56:47,125:INFO::clipped 14 hidden states in one forward pass. max clipped hidden state norm: 26.170785903930664
2018-10-29 19:56:49,126:INFO::| epoch   1 | lr 0.00035 | R 0.18952 | entropy 1.1507 | loss 0.04721
2018-10-29 19:56:54,791:INFO::| epoch   1 | lr 0.00035 | R 0.18832 | entropy 1.1501 | loss -0.04624
2018-10-29 19:56:59,357:INFO::clipped 24 hidden states in one forward pass. max clipped hidden state norm: 28.246824264526367
2018-10-29 19:57:00,425:INFO::| epoch   1 | lr 0.00035 | R 0.19177 | entropy 1.1432 | loss 0.02496
2018-10-29 19:57:06,126:INFO::| epoch   1 | lr 0.00035 | R 0.19049 | entropy 1.1403 | loss 0.00345
2018-10-29 19:57:06,829:INFO::clipped 6 hidden states in one forward pass. max clipped hidden state norm: 25.289798736572266
2018-10-29 19:57:08,740:INFO::clipped 2 hidden states in one forward pass. max clipped hidden state norm: 29.47641372680664
2018-10-29 19:57:10,240:INFO::clipped 32 hidden states in one forward pass. max clipped hidden state norm: 30.183927536010742
2018-10-29 19:57:11,829:INFO::| epoch   1 | lr 0.00035 | R 0.18862 | entropy 1.1424 | loss -0.05357
2018-10-29 19:57:17,567:INFO::| epoch   1 | lr 0.00035 | R 0.18968 | entropy 1.1362 | loss -0.00334
2018-10-29 19:57:23,455:INFO::| epoch   1 | lr 0.00035 | R 0.19264 | entropy 1.1204 | loss 0.04203
2018-10-29 19:57:29,180:INFO::| epoch   1 | lr 0.00035 | R 0.19044 | entropy 1.1226 | loss -0.02513
2018-10-29 19:57:34,883:INFO::| epoch   1 | lr 0.00035 | R 0.19250 | entropy 1.1283 | loss 0.04470
2018-10-29 19:57:40,628:INFO::| epoch   1 | lr 0.00035 | R 0.19520 | entropy 1.1299 | loss 0.01102
2018-10-29 19:57:42,252:INFO::clipped 31 hidden states in one forward pass. max clipped hidden state norm: 34.20589065551758
2018-10-29 19:57:42,463:INFO::clipped 16 hidden states in one forward pass. max clipped hidden state norm: 26.162841796875
2018-10-29 19:57:46,337:INFO::| epoch   1 | lr 0.00035 | R 0.18721 | entropy 1.1132 | loss -0.09621
2018-10-29 19:57:50,515:INFO::clipped 10 hidden states in one forward pass. max clipped hidden state norm: 26.131942749023438
2018-10-29 19:57:52,032:INFO::| epoch   1 | lr 0.00035 | R 0.19364 | entropy 1.1001 | loss 0.04916
2018-10-29 19:57:56,282:INFO::clipped 13 hidden states in one forward pass. max clipped hidden state norm: 26.074758529663086
2018-10-29 19:57:57,408:INFO::clipped 25 hidden states in one forward pass. max clipped hidden state norm: 33.103599548339844
2018-10-29 19:57:57,641:INFO::| epoch   1 | lr 0.00035 | R 0.19233 | entropy 1.0885 | loss -0.03460
2018-10-29 19:57:58,833:INFO::clipped 3 hidden states in one forward pass. max clipped hidden state norm: 25.638158798217773
2018-10-29 19:58:03,288:INFO::| epoch   1 | lr 0.00035 | R 0.19366 | entropy 1.0687 | loss 0.04079
2018-10-29 19:58:09,150:INFO::| epoch   1 | lr 0.00035 | R 0.19123 | entropy 1.0560 | loss -0.04714
2018-10-29 19:58:14,918:INFO::| epoch   1 | lr 0.00035 | R 0.19514 | entropy 1.0639 | loss 0.04500
2018-10-29 19:58:20,551:INFO::| epoch   1 | lr 0.00035 | R 0.19108 | entropy 1.0696 | loss -0.02349
2018-10-29 19:58:26,276:INFO::| epoch   1 | lr 0.00035 | R 0.19640 | entropy 1.0686 | loss 0.04105
2018-10-29 19:58:31,422:INFO::clipped 18 hidden states in one forward pass. max clipped hidden state norm: 27.497453689575195
2018-10-29 19:58:31,853:INFO::| epoch   1 | lr 0.00035 | R 0.19093 | entropy 1.0661 | loss -0.04818
2018-10-29 19:58:34,878:INFO::clipped 1 hidden states in one forward pass. max clipped hidden state norm: 26.5452880859375
2018-10-29 19:58:37,488:INFO::| epoch   1 | lr 0.00035 | R 0.19756 | entropy 1.0697 | loss 0.05185
2018-10-29 19:58:42,848:INFO::clipped 12 hidden states in one forward pass. max clipped hidden state norm: 25.960918426513672
2018-10-29 19:58:43,187:INFO::| epoch   1 | lr 0.00035 | R 0.19264 | entropy 1.0647 | loss -0.05416
2018-10-29 19:58:48,877:INFO::| epoch   1 | lr 0.00035 | R 0.19570 | entropy 1.0607 | loss 0.03251
2018-10-29 19:58:50,184:INFO::clipped 17 hidden states in one forward pass. max clipped hidden state norm: 26.304569244384766
2018-10-29 19:58:52,899:INFO::clipped 18 hidden states in one forward pass. max clipped hidden state norm: 26.197256088256836
2018-10-29 19:58:54,539:INFO::| epoch   1 | lr 0.00035 | R 0.19253 | entropy 1.0620 | loss -0.05285
2018-10-29 19:59:00,193:INFO::| epoch   1 | lr 0.00035 | R 0.19420 | entropy 1.0659 | loss 0.02589
2018-10-29 19:59:05,861:INFO::| epoch   1 | lr 0.00035 | R 0.19415 | entropy 1.0622 | loss -0.02198
2018-10-29 19:59:11,499:INFO::| epoch   1 | lr 0.00035 | R 0.19519 | entropy 1.0501 | loss 0.02388
2018-10-29 19:59:17,191:INFO::| epoch   1 | lr 0.00035 | R 0.19367 | entropy 1.0454 | loss -0.03513
2018-10-29 19:59:23,105:INFO::| epoch   1 | lr 0.00035 | R 0.19601 | entropy 1.0308 | loss 0.02009
2018-10-29 19:59:28,812:INFO::| epoch   1 | lr 0.00035 | R 0.19418 | entropy 1.0262 | loss -0.01705
2018-10-29 19:59:34,447:INFO::| epoch   1 | lr 0.00035 | R 0.19652 | entropy 1.0218 | loss 0.00886
2018-10-29 19:59:40,082:INFO::| epoch   1 | lr 0.00035 | R 0.19551 | entropy 1.0154 | loss -0.00413
2018-10-29 19:59:45,697:INFO::| epoch   1 | lr 0.00035 | R 0.19643 | entropy 1.0141 | loss -0.00902
2018-10-29 19:59:51,365:INFO::| epoch   1 | lr 0.00035 | R 0.19603 | entropy 1.0087 | loss 0.00272
2018-10-29 19:59:55,060:INFO::clipped 23 hidden states in one forward pass. max clipped hidden state norm: 31.21367073059082
2018-10-29 19:59:56,330:INFO::clipped 26 hidden states in one forward pass. max clipped hidden state norm: 28.2000789642334
2018-10-29 19:59:57,121:INFO::| epoch   1 | lr 0.00035 | R 0.19378 | entropy 1.0043 | loss -0.04629
2018-10-29 20:00:02,901:INFO::| epoch   1 | lr 0.00035 | R 0.19481 | entropy 1.0032 | loss 0.03013
2018-10-29 20:00:08,596:INFO::| epoch   1 | lr 0.00035 | R 0.19499 | entropy 1.0040 | loss -0.01466
2018-10-29 20:00:09,992:INFO::clipped 30 hidden states in one forward pass. max clipped hidden state norm: 28.08663558959961
2018-10-29 20:00:14,305:INFO::max hidden 10.02625846862793
2018-10-29 20:00:14,337:INFO::abs max grad 0
2018-10-29 20:00:14,564:INFO::max hidden 10.382787704467773
2018-10-29 20:00:14,822:INFO::max hidden 12.138062477111816
2018-10-29 20:00:15,084:INFO::max hidden 13.521326065063477
2018-10-29 20:00:16,419:INFO::abs max grad 0.08678195625543594
2018-10-29 20:00:18,740:INFO::max hidden 16.832977294921875
2018-10-29 20:00:27,425:INFO::| epoch   2 | lr 20.00 | raw loss 6.24 | loss 6.24 | ppl   513.32
2018-10-29 20:00:29,215:INFO::max hidden 24.82955551147461
2018-10-29 20:00:32,652:INFO::abs max grad 0.205806165933609
2018-10-29 20:00:36,842:INFO::abs max grad 0.22070354223251343
2018-10-29 20:00:39,581:INFO::clipped 30 hidden states in one forward pass. max clipped hidden state norm: 33.0583381652832
2018-10-29 20:00:39,706:INFO::max hidden 25.000003814697266
2018-10-29 20:00:39,736:INFO::abs max grad 0.2263338267803192
2018-10-29 20:00:40,542:INFO::| epoch   2 | lr 20.00 | raw loss 6.11 | loss 6.11 | ppl   452.54
2018-10-29 20:00:53,635:INFO::| epoch   2 | lr 20.00 | raw loss 6.04 | loss 6.04 | ppl   420.92
2018-10-29 20:01:00,282:INFO::clipped 16 hidden states in one forward pass. max clipped hidden state norm: 27.20222282409668
2018-10-29 20:01:05,768:INFO::clipped 5 hidden states in one forward pass. max clipped hidden state norm: 25.892667770385742
2018-10-29 20:01:06,038:INFO::clipped 1 hidden states in one forward pass. max clipped hidden state norm: 27.489519119262695
2018-10-29 20:01:06,739:INFO::| epoch   2 | lr 20.00 | raw loss 6.00 | loss 6.00 | ppl   405.39
2018-10-29 20:01:20,101:INFO::| epoch   2 | lr 20.00 | raw loss 6.10 | loss 6.10 | ppl   445.55
2018-10-29 20:01:27,369:INFO::clipped 1 hidden states in one forward pass. max clipped hidden state norm: 26.908851623535156
2018-10-29 20:01:33,792:INFO::| epoch   2 | lr 20.00 | raw loss 6.01 | loss 6.01 | ppl   407.93
2018-10-29 20:01:40,290:INFO::clipped 15 hidden states in one forward pass. max clipped hidden state norm: 29.0440731048584
2018-10-29 20:01:43,071:INFO::clipped 10 hidden states in one forward pass. max clipped hidden state norm: 28.508119583129883
2018-10-29 20:01:47,716:INFO::| epoch   2 | lr 20.00 | raw loss 6.02 | loss 6.02 | ppl   413.04
2018-10-29 20:01:53,661:INFO::clipped 4 hidden states in one forward pass. max clipped hidden state norm: 27.13434600830078
2018-10-29 20:01:53,823:INFO::abs max grad 0.41101258993148804
2018-10-29 20:01:53,934:INFO::clipped 4 hidden states in one forward pass. max clipped hidden state norm: 26.657608032226562
2018-10-29 20:02:01,524:INFO::| epoch   2 | lr 20.00 | raw loss 6.02 | loss 6.02 | ppl   410.33
2018-10-29 20:02:07,149:INFO::| epoch   2 | lr 0.00035 | R 0.19893 | entropy 0.9915 | loss 0.13713
2018-10-29 20:02:09,595:INFO::clipped 19 hidden states in one forward pass. max clipped hidden state norm: 27.482540130615234
2018-10-29 20:02:13,063:INFO::| epoch   2 | lr 0.00035 | R 0.20489 | entropy 0.9889 | loss 0.06341
2018-10-29 20:02:13,516:INFO::clipped 2 hidden states in one forward pass. max clipped hidden state norm: 28.3892765045166
2018-10-29 20:02:14,383:INFO::clipped 1 hidden states in one forward pass. max clipped hidden state norm: 25.33991241455078
2018-10-29 20:02:18,768:INFO::| epoch   2 | lr 0.00035 | R 0.19596 | entropy 0.9764 | loss -0.06881
2018-10-29 20:02:19,891:INFO::clipped 10 hidden states in one forward pass. max clipped hidden state norm: 28.32724380493164
2018-10-29 20:02:20,805:INFO::clipped 13 hidden states in one forward pass. max clipped hidden state norm: 28.08797264099121
2018-10-29 20:02:24,362:INFO::| epoch   2 | lr 0.00035 | R 0.20587 | entropy 0.9767 | loss 0.06110
2018-10-29 20:02:30,043:INFO::| epoch   2 | lr 0.00035 | R 0.20091 | entropy 0.9699 | loss -0.03183
2018-10-29 20:02:35,693:INFO::| epoch   2 | lr 0.00035 | R 0.20266 | entropy 0.9639 | loss 0.00600
2018-10-29 20:02:42,444:INFO::| epoch   2 | lr 0.00035 | R 0.20057 | entropy 0.9607 | loss -0.00842
2018-10-29 20:02:48,130:INFO::| epoch   2 | lr 0.00035 | R 0.20204 | entropy 0.9536 | loss -0.02466
2018-10-29 20:02:53,910:INFO::| epoch   2 | lr 0.00035 | R 0.20404 | entropy 0.9461 | loss 0.03145
2018-10-29 20:02:59,550:INFO::| epoch   2 | lr 0.00035 | R 0.20608 | entropy 0.9435 | loss 0.00787
2018-10-29 20:03:02,452:INFO::clipped 18 hidden states in one forward pass. max clipped hidden state norm: 29.205835342407227
2018-10-29 20:03:05,195:INFO::| epoch   2 | lr 0.00035 | R 0.19994 | entropy 0.9479 | loss -0.03350
2018-10-29 20:03:10,817:INFO::| epoch   2 | lr 0.00035 | R 0.20666 | entropy 0.9473 | loss 0.00376
2018-10-29 20:03:16,489:INFO::| epoch   2 | lr 0.00035 | R 0.20489 | entropy 0.9397 | loss -0.00070
2018-10-29 20:03:22,108:INFO::| epoch   2 | lr 0.00035 | R 0.20226 | entropy 0.9435 | loss -0.01801
2018-10-29 20:03:27,739:INFO::| epoch   2 | lr 0.00035 | R 0.20645 | entropy 0.9510 | loss 0.06549
2018-10-29 20:03:33,357:INFO::| epoch   2 | lr 0.00035 | R 0.20255 | entropy 0.9509 | loss -0.05257
2018-10-29 20:03:39,018:INFO::clipped 32 hidden states in one forward pass. max clipped hidden state norm: 42.224021911621094
2018-10-29 20:03:39,040:INFO::| epoch   2 | lr 0.00035 | R 0.20551 | entropy 0.9659 | loss 0.04787
2018-10-29 20:03:39,503:INFO::clipped 1 hidden states in one forward pass. max clipped hidden state norm: 25.608741760253906
2018-10-29 20:03:39,970:INFO::clipped 23 hidden states in one forward pass. max clipped hidden state norm: 28.674226760864258
2018-10-29 20:03:44,715:INFO::| epoch   2 | lr 0.00035 | R 0.19922 | entropy 0.9677 | loss -0.06776
2018-10-29 20:03:50,356:INFO::| epoch   2 | lr 0.00035 | R 0.20905 | entropy 0.9757 | loss 0.10943
2018-10-29 20:03:56,061:INFO::| epoch   2 | lr 0.00035 | R 0.20036 | entropy 0.9820 | loss -0.07602
2018-10-29 20:04:01,843:INFO::| epoch   2 | lr 0.00035 | R 0.20865 | entropy 0.9906 | loss 0.06910
2018-10-29 20:04:04,510:INFO::clipped 34 hidden states in one forward pass. max clipped hidden state norm: 46.169334411621094
2018-10-29 20:04:07,437:INFO::| epoch   2 | lr 0.00035 | R 0.20029 | entropy 0.9962 | loss -0.07694
2018-10-29 20:04:13,101:INFO::| epoch   2 | lr 0.00035 | R 0.20785 | entropy 0.9993 | loss 0.06700
2018-10-29 20:04:18,842:INFO::| epoch   2 | lr 0.00035 | R 0.20163 | entropy 1.0023 | loss -0.05958
2018-10-29 20:04:19,771:INFO::clipped 33 hidden states in one forward pass. max clipped hidden state norm: 49.57194900512695
2018-10-29 20:04:24,658:INFO::| epoch   2 | lr 0.00035 | R 0.20359 | entropy 0.9917 | loss 0.02865
2018-10-29 20:04:30,472:INFO::| epoch   2 | lr 0.00035 | R 0.20195 | entropy 0.9822 | loss -0.04345
2018-10-29 20:04:36,118:INFO::| epoch   2 | lr 0.00035 | R 0.20961 | entropy 0.9884 | loss 0.06511
2018-10-29 20:04:41,736:INFO::| epoch   2 | lr 0.00035 | R 0.20144 | entropy 0.9893 | loss -0.06672
2018-10-29 20:04:47,396:INFO::| epoch   2 | lr 0.00035 | R 0.20690 | entropy 0.9789 | loss 0.02396
2018-10-29 20:04:53,354:INFO::| epoch   2 | lr 0.00035 | R 0.20280 | entropy 0.9774 | loss -0.02816
2018-10-29 20:04:58,747:INFO::clipped 9 hidden states in one forward pass. max clipped hidden state norm: 27.6060848236084
2018-10-29 20:04:58,861:INFO::clipped 15 hidden states in one forward pass. max clipped hidden state norm: 28.22268295288086
2018-10-29 20:04:59,002:INFO::| epoch   2 | lr 0.00035 | R 0.20428 | entropy 0.9871 | loss -0.02338
2018-10-29 20:05:04,773:INFO::| epoch   2 | lr 0.00035 | R 0.20216 | entropy 0.9828 | loss 0.01389
2018-10-29 20:05:10,390:INFO::| epoch   2 | lr 0.00035 | R 0.20891 | entropy 0.9779 | loss 0.02136
2018-10-29 20:05:16,020:INFO::| epoch   2 | lr 0.00035 | R 0.20750 | entropy 0.9730 | loss 0.00444
2018-10-29 20:05:21,657:INFO::| epoch   2 | lr 0.00035 | R 0.20838 | entropy 0.9752 | loss -0.00142
2018-10-29 20:05:27,435:INFO::| epoch   2 | lr 0.00035 | R 0.20658 | entropy 0.9795 | loss 0.00731
2018-10-29 20:05:33,094:INFO::| epoch   2 | lr 0.00035 | R 0.20460 | entropy 0.9716 | loss -0.04143
2018-10-29 20:05:38,782:INFO::| epoch   2 | lr 0.00035 | R 0.20549 | entropy 0.9678 | loss 0.03330
2018-10-29 20:05:44,387:INFO::| epoch   2 | lr 0.00035 | R 0.20278 | entropy 0.9693 | loss -0.08583
2018-10-29 20:05:50,147:INFO::max hidden 6.914443016052246
2018-10-29 20:05:50,178:INFO::abs max grad 0
2018-10-29 20:05:50,672:INFO::max hidden 7.348235130310059
2018-10-29 20:05:51,462:INFO::max hidden 8.395236015319824
2018-10-29 20:05:51,493:INFO::abs max grad 0.1014837771654129
2018-10-29 20:05:52,248:INFO::max hidden 10.193774223327637
2018-10-29 20:05:52,511:INFO::max hidden 11.285127639770508
2018-10-29 20:06:02,085:INFO::clipped 1 hidden states in one forward pass. max clipped hidden state norm: 25.049489974975586
2018-10-29 20:06:02,209:INFO::max hidden 24.999998092651367
2018-10-29 20:06:02,349:INFO::clipped 1 hidden states in one forward pass. max clipped hidden state norm: 26.052236557006836
2018-10-29 20:06:03,314:INFO::| epoch   3 | lr 20.00 | raw loss 6.08 | loss 6.08 | ppl   435.79
2018-10-29 20:06:08,269:INFO::abs max grad 0.18623995780944824
2018-10-29 20:06:09,438:INFO::clipped 33 hidden states in one forward pass. max clipped hidden state norm: 35.104915618896484
2018-10-29 20:06:09,562:INFO::max hidden 25.000003814697266
2018-10-29 20:06:09,593:INFO::abs max grad 0.23304754495620728
2018-10-29 20:06:16,246:INFO::clipped 11 hidden states in one forward pass. max clipped hidden state norm: 29.340282440185547
2018-10-29 20:06:16,425:INFO::| epoch   3 | lr 20.00 | raw loss 5.94 | loss 5.94 | ppl   380.81
2018-10-29 20:06:29,492:INFO::| epoch   3 | lr 20.00 | raw loss 5.90 | loss 5.90 | ppl   364.88
2018-10-29 20:06:42,586:INFO::| epoch   3 | lr 20.00 | raw loss 5.85 | loss 5.85 | ppl   346.19
2018-10-29 20:06:55,676:INFO::| epoch   3 | lr 20.00 | raw loss 5.92 | loss 5.92 | ppl   370.57
2018-10-29 20:06:57,343:INFO::clipped 2 hidden states in one forward pass. max clipped hidden state norm: 34.50491714477539
2018-10-29 20:07:03,899:INFO::clipped 27 hidden states in one forward pass. max clipped hidden state norm: 30.66624641418457
2018-10-29 20:07:08,803:INFO::| epoch   3 | lr 20.00 | raw loss 5.90 | loss 5.90 | ppl   363.49
2018-10-29 20:07:21,915:INFO::| epoch   3 | lr 20.00 | raw loss 5.91 | loss 5.91 | ppl   368.48
2018-10-29 20:07:35,015:INFO::| epoch   3 | lr 20.00 | raw loss 5.86 | loss 5.86 | ppl   349.85
2018-10-29 20:07:35,114:INFO::clipped 33 hidden states in one forward pass. max clipped hidden state norm: 35.73062515258789
2018-10-29 20:07:35,219:INFO::clipped 3 hidden states in one forward pass. max clipped hidden state norm: 35.40544509887695
2018-10-29 20:07:39,818:INFO::clipped 34 hidden states in one forward pass. max clipped hidden state norm: 62.94100570678711
2018-10-29 20:07:40,474:INFO::| epoch   3 | lr 0.00035 | R 0.21124 | entropy 0.9594 | loss 0.44085
2018-10-29 20:07:46,131:INFO::| epoch   3 | lr 0.00035 | R 0.22360 | entropy 0.9667 | loss 0.10702
2018-10-29 20:07:51,798:INFO::| epoch   3 | lr 0.00035 | R 0.21960 | entropy 0.9623 | loss -0.02252
2018-10-29 20:07:57,439:INFO::| epoch   3 | lr 0.00035 | R 0.21934 | entropy 0.9570 | loss -0.02812
2018-10-29 20:08:03,110:INFO::| epoch   3 | lr 0.00035 | R 0.21831 | entropy 0.9457 | loss 0.00575
2018-10-29 20:08:07,140:INFO::clipped 1 hidden states in one forward pass. max clipped hidden state norm: 28.560871124267578
2018-10-29 20:08:08,732:INFO::| epoch   3 | lr 0.00035 | R 0.22338 | entropy 0.9617 | loss 0.01290
2018-10-29 20:08:14,500:INFO::| epoch   3 | lr 0.00035 | R 0.21923 | entropy 0.9543 | loss -0.01377
2018-10-29 20:08:15,157:INFO::clipped 1 hidden states in one forward pass. max clipped hidden state norm: 27.325756072998047
2018-10-29 20:08:16,445:INFO::clipped 24 hidden states in one forward pass. max clipped hidden state norm: 29.489030838012695
2018-10-29 20:08:19,206:INFO::clipped 1 hidden states in one forward pass. max clipped hidden state norm: 33.64702606201172
2018-10-29 20:08:20,176:INFO::| epoch   3 | lr 0.00035 | R 0.21934 | entropy 0.9575 | loss -0.01375
2018-10-29 20:08:25,915:INFO::| epoch   3 | lr 0.00035 | R 0.22013 | entropy 0.9636 | loss 0.03976
2018-10-29 20:08:28,236:INFO::clipped 34 hidden states in one forward pass. max clipped hidden state norm: 35.730037689208984
2018-10-29 20:08:31,010:INFO::clipped 32 hidden states in one forward pass. max clipped hidden state norm: 31.824670791625977
2018-10-29 20:08:31,571:INFO::| epoch   3 | lr 0.00035 | R 0.21656 | entropy 0.9647 | loss -0.06095
2018-10-29 20:08:36,775:INFO::clipped 35 hidden states in one forward pass. max clipped hidden state norm: 71.1451644897461
2018-10-29 20:08:37,232:INFO::| epoch   3 | lr 0.00035 | R 0.21908 | entropy 0.9628 | loss 0.02242
2018-10-29 20:08:42,924:INFO::| epoch   3 | lr 0.00035 | R 0.22151 | entropy 0.9631 | loss -0.01293
2018-10-29 20:08:49,666:INFO::| epoch   3 | lr 0.00035 | R 0.22208 | entropy 0.9571 | loss 0.01719
2018-10-29 20:08:55,346:INFO::| epoch   3 | lr 0.00035 | R 0.21975 | entropy 0.9490 | loss -0.07294
2018-10-29 20:09:00,992:INFO::| epoch   3 | lr 0.00035 | R 0.22268 | entropy 0.9390 | loss 0.04126
2018-10-29 20:09:06,627:INFO::| epoch   3 | lr 0.00035 | R 0.21733 | entropy 0.9287 | loss -0.08481
2018-10-29 20:09:12,294:INFO::| epoch   3 | lr 0.00035 | R 0.22533 | entropy 0.9221 | loss 0.06674
2018-10-29 20:09:17,963:INFO::| epoch   3 | lr 0.00035 | R 0.21699 | entropy 0.9224 | loss -0.07461
2018-10-29 20:09:23,722:INFO::| epoch   3 | lr 0.00035 | R 0.22451 | entropy 0.9269 | loss 0.09815
2018-10-29 20:09:27,337:INFO::clipped 33 hidden states in one forward pass. max clipped hidden state norm: 34.581817626953125
2018-10-29 20:09:29,450:INFO::| epoch   3 | lr 0.00035 | R 0.21838 | entropy 0.9263 | loss -0.06724
2018-10-29 20:09:35,140:INFO::| epoch   3 | lr 0.00035 | R 0.22573 | entropy 0.9263 | loss 0.04917
2018-10-29 20:09:36,082:INFO::clipped 34 hidden states in one forward pass. max clipped hidden state norm: 46.897056579589844
2018-10-29 20:09:40,760:INFO::| epoch   3 | lr 0.00035 | R 0.21316 | entropy 0.9393 | loss -0.09504
2018-10-29 20:09:46,370:INFO::| epoch   3 | lr 0.00035 | R 0.22506 | entropy 0.9367 | loss 0.06380
2018-10-29 20:09:52,147:INFO::| epoch   3 | lr 0.00035 | R 0.21755 | entropy 0.9282 | loss -0.07558
2018-10-29 20:09:57,837:INFO::| epoch   3 | lr 0.00035 | R 0.22595 | entropy 0.9293 | loss 0.07643
2018-10-29 20:10:03,658:INFO::| epoch   3 | lr 0.00035 | R 0.21558 | entropy 0.9342 | loss -0.12172
2018-10-29 20:10:09,294:INFO::| epoch   3 | lr 0.00035 | R 0.22525 | entropy 0.9330 | loss 0.05010
2018-10-29 20:10:14,916:INFO::| epoch   3 | lr 0.00035 | R 0.21910 | entropy 0.9323 | loss -0.05822
2018-10-29 20:10:20,673:INFO::| epoch   3 | lr 0.00035 | R 0.22465 | entropy 0.9308 | loss 0.04655
2018-10-29 20:10:26,415:INFO::| epoch   3 | lr 0.00035 | R 0.22066 | entropy 0.9332 | loss -0.04045
2018-10-29 20:10:32,090:INFO::| epoch   3 | lr 0.00035 | R 0.22477 | entropy 0.9282 | loss 0.02268
2018-10-29 20:10:37,710:INFO::| epoch   3 | lr 0.00035 | R 0.22100 | entropy 0.9266 | loss -0.01172
2018-10-29 20:10:43,345:INFO::| epoch   3 | lr 0.00035 | R 0.22482 | entropy 0.9220 | loss 0.00429
2018-10-29 20:10:48,247:INFO::clipped 33 hidden states in one forward pass. max clipped hidden state norm: 31.242755889892578
2018-10-29 20:10:48,355:INFO::clipped 3 hidden states in one forward pass. max clipped hidden state norm: 49.07850646972656
2018-10-29 20:10:49,004:INFO::| epoch   3 | lr 0.00035 | R 0.22123 | entropy 0.9180 | loss -0.01645
2018-10-29 20:10:54,641:INFO::| epoch   3 | lr 0.00035 | R 0.22447 | entropy 0.9171 | loss -0.00132
2018-10-29 20:11:00,343:INFO::| epoch   3 | lr 0.00035 | R 0.22185 | entropy 0.9119 | loss 0.00150
2018-10-29 20:11:05,991:INFO::| epoch   3 | lr 0.00035 | R 0.22019 | entropy 0.9090 | loss -0.03441
2018-10-29 20:11:11,672:INFO::| epoch   3 | lr 0.00035 | R 0.22355 | entropy 0.9120 | loss 0.04304
2018-10-29 20:11:17,580:INFO::| epoch   3 | lr 0.00035 | R 0.22236 | entropy 0.9090 | loss -0.06372
2018-10-29 20:11:23,600:INFO::max hidden 5.281318664550781
2018-10-29 20:11:23,634:INFO::abs max grad 0
2018-10-29 20:11:23,889:INFO::max hidden 7.999819278717041
2018-10-29 20:11:23,922:INFO::abs max grad 0.04595723748207092
2018-10-29 20:11:24,735:INFO::abs max grad 0.0664210394024849
2018-10-29 20:11:25,273:INFO::abs max grad 0.09209732711315155
2018-10-29 20:11:26,102:INFO::abs max grad 0.14308582246303558
2018-10-29 20:11:28,160:INFO::max hidden 8.030521392822266
2018-10-29 20:11:28,952:INFO::max hidden 8.178796768188477
2018-10-29 20:11:30,854:INFO::max hidden 10.483451843261719
2018-10-29 20:11:37,453:INFO::max hidden 17.987075805664062
2018-10-29 20:11:37,508:INFO::| epoch   4 | lr 20.00 | raw loss 5.97 | loss 5.97 | ppl   390.79
2018-10-29 20:11:38,317:INFO::abs max grad 0.16439364850521088
2018-10-29 20:11:40,169:INFO::abs max grad 0.18818920850753784
2018-10-29 20:11:41,817:INFO::abs max grad 0.2150002121925354
2018-10-29 20:11:51,101:INFO::| epoch   4 | lr 20.00 | raw loss 5.85 | loss 5.85 | ppl   348.50
2018-10-29 20:11:55,502:INFO::abs max grad 0.23957890272140503
2018-10-29 20:11:56,037:INFO::abs max grad 0.255495548248291
2018-10-29 20:12:04,846:INFO::| epoch   4 | lr 20.00 | raw loss 5.78 | loss 5.78 | ppl   323.95
2018-10-29 20:12:07,152:INFO::clipped 26 hidden states in one forward pass. max clipped hidden state norm: 33.65385818481445
2018-10-29 20:12:07,286:INFO::max hidden 25.000003814697266
2018-10-29 20:12:07,318:INFO::abs max grad 0.2643778920173645
2018-10-29 20:12:07,989:INFO::clipped 35 hidden states in one forward pass. max clipped hidden state norm: 58.19390869140625
2018-10-29 20:12:08,115:INFO::max hidden 25.0000057220459
2018-10-29 20:12:18,243:INFO::| epoch   4 | lr 20.00 | raw loss 5.73 | loss 5.73 | ppl   308.88
2018-10-29 20:12:31,376:INFO::| epoch   4 | lr 20.00 | raw loss 5.81 | loss 5.81 | ppl   334.80
2018-10-29 20:12:44,549:INFO::| epoch   4 | lr 20.00 | raw loss 5.77 | loss 5.77 | ppl   320.35
2018-10-29 20:12:57,745:INFO::| epoch   4 | lr 20.00 | raw loss 5.79 | loss 5.79 | ppl   327.57
2018-10-29 20:13:10,925:INFO::| epoch   4 | lr 20.00 | raw loss 5.77 | loss 5.77 | ppl   321.13
2018-10-29 20:13:15,952:INFO::clipped 34 hidden states in one forward pass. max clipped hidden state norm: 71.53924560546875
2018-10-29 20:13:16,412:INFO::| epoch   4 | lr 0.00035 | R 0.24313 | entropy 0.8963 | loss 0.18382
2018-10-29 20:13:22,128:INFO::| epoch   4 | lr 0.00035 | R 0.25203 | entropy 0.8990 | loss 0.09159
